<?xml version="1.0" encoding="UTF-8"?>
<beans xmlns="http://www.springframework.org/schema/beans"
	xmlns:xsi="http://www.w3.org/2001/XMLSchema-instance"
	xsi:schemaLocation="http://www.springframework.org/schema/beans
	http://www.springframework.org/schema/beans/spring-beans-2.5.xsd">
	
	<!-- Test Abstract Routing Data Source -->
	<bean id="dataSource" class="org.apache.commons.dbcp.BasicDataSource" destroy-method="close">
		<property name="driverClassName" value="${jdbc.proxy.driverClassName}" />
		<property name="url" value="${jdbc.proxy.url.zpcinemashoyts}" />
		<property name="username" value="${jdbc.proxy.username}" />
		<property name="password" value="${jdbc.proxy.password}" />
	</bean>
	
	<bean id="sqlMapClient" class="org.springframework.orm.ibatis.SqlMapClientFactoryBean">
		<property name="configLocation" value="sql-map-proxy-test-config.xml" />
		<property name="dataSource" ref="dataSource" />
	</bean>
	
	<bean id="propertyConfigurer" class="org.springframework.beans.factory.config.PropertyPlaceholderConfigurer">
		<property name="locations">
			<list>
				<value>classpath:jdbc.test.properties</value>
			</list>
		</property>
	</bean>
	
	<bean id="transactionManager" class="org.springframework.jdbc.datasource.DataSourceTransactionManager">
		<property name="dataSource" ref="dataSource" />
	</bean>

	<bean id="funcionAreaDao" class="cl.zpricing.revman.servicios.ibatis.FuncionAreaDaoImpl">
		<property name="sqlMapClient" ref="sqlMapClient" />
	</bean>
	
</beans>